<?xml version="1.0" encoding="UTF-8"?>
<testng-results ignored="0" total="2" passed="2" failed="0" skipped="0">
  <reporter-output>
  </reporter-output>
  <suite started-at="2022-12-02T19:09:45 IST" name="Suite" finished-at="2022-12-02T19:10:12 IST" duration-ms="27912">
    <groups>
    </groups>
    <test started-at="2022-12-02T19:09:45 IST" name="Test" finished-at="2022-12-02T19:10:12 IST" duration-ms="27912">
      <class name="com.nop.TestCases.TC_LoginTest_001">
        <test-method is-config="true" signature="launch()[pri:0, instance:com.nop.TestCases.TC_LoginTest_001@79e2c065]" started-at="2022-12-02T19:09:45 IST" name="launch" finished-at="2022-12-02T19:09:53 IST" duration-ms="8785" status="PASS">
          <reporter-output>
          </reporter-output>
        </test-method> <!-- launch -->
        <test-method signature="logvalidation()[pri:1, instance:com.nop.TestCases.TC_LoginTest_001@79e2c065]" started-at="2022-12-02T19:09:53 IST" name="logvalidation" finished-at="2022-12-02T19:10:12 IST" duration-ms="19011" status="PASS">
          <reporter-output>
          </reporter-output>
        </test-method> <!-- logvalidation -->
        <test-method signature="logoverification()[pri:2, instance:com.nop.TestCases.TC_LoginTest_001@79e2c065]" started-at="2022-12-02T19:10:12 IST" name="logoverification" finished-at="2022-12-02T19:10:12 IST" duration-ms="68" status="PASS">
          <reporter-output>
          </reporter-output>
        </test-method> <!-- logoverification -->
      </class> <!-- com.nop.TestCases.TC_LoginTest_001 -->
    </test> <!-- Test -->
  </suite> <!-- Suite -->
</testng-results>
